This file contains any messages produced by compilers while
running configure, to aid debugging if configure makes a mistake.

It was created by configure, which was
generated by GNU Autoconf 2.63.  Invocation command line was

  $ ./configure --with-php-config=/usr/local/bin/php-config

## --------- ##
## Platform. ##
## --------- ##

hostname = ip-10-156-90-144
uname -m = x86_64
uname -r = 2.6.35.14-95.38.amzn1.x86_64
uname -s = Linux
uname -v = #1 SMP Thu Aug 25 17:11:23 UTC 2011

/usr/bin/uname -p = unknown
/bin/uname -X     = unknown

/bin/arch              = x86_64
/usr/bin/arch -k       = unknown
/usr/convex/getsysinfo = unknown
/usr/bin/hostinfo      = unknown
/bin/machine           = unknown
/usr/bin/oslevel       = unknown
/bin/universe          = unknown

PATH: /sbin
PATH: /bin
PATH: /usr/sbin
PATH: /usr/bin
PATH: /opt/aws/bin


## ----------- ##
## Core tests. ##
## ----------- ##

configure:2321: checking for grep that handles long lines and -e
configure:2381: result: /bin/grep
configure:2386: checking for egrep
configure:2450: result: /bin/grep -E
configure:2455: checking for a sed that does not truncate output
configure:2509: result: /bin/sed
configure:2641: checking for cc
configure:2657: found /usr/bin/cc
configure:2668: result: cc
configure:2702: checking for C compiler version
configure:2710: cc --version >&5
cc (GCC) 4.4.5 20110214 (Red Hat 4.4.5-6)
Copyright (C) 2010 Free Software Foundation, Inc.
This is free software; see the source for copying conditions.  There is NO
warranty; not even for MERCHANTABILITY or FITNESS FOR A PARTICULAR PURPOSE.

configure:2714: $? = 0
configure:2721: cc -v >&5
Using built-in specs.
Target: x86_64-amazon-linux
Configured with: ../configure --prefix=/usr --mandir=/usr/share/man --infodir=/usr/share/info --with-bugurl=http://bugzilla.redhat.com/bugzilla --enable-bootstrap --enable-shared --enable-threads=posix --enable-checking=release --with-system-zlib --enable-__cxa_atexit --disable-libunwind-exceptions --enable-gnu-unique-object --disable-gjdoc --enable-languages=c,c++,objc,obj-c++,java,fortran,ada --disable-dssi --without-x --with-java-home=/usr/lib/jvm/java-1.5.0-gcj-1.5.0.0/jre --enable-libgcj-multifile --enable-java-maintainer-mode --with-ecj-jar=/usr/share/java/eclipse-ecj.jar --disable-libjava-multilib --with-ppl --with-cloog --with-tune=generic --with-arch_32=i686 --build=x86_64-amazon-linux
Thread model: posix
gcc version 4.4.5 20110214 (Red Hat 4.4.5-6) (GCC) 
configure:2725: $? = 0
configure:2732: cc -V >&5
cc: '-V' option must have argument
configure:2736: $? = 1
configure:2759: checking for C compiler default output file name
configure:2781: cc    conftest.c  >&5
configure:2785: $? = 0
configure:2823: result: a.out
configure:2842: checking whether the C compiler works
configure:2852: ./a.out
configure:2856: $? = 0
configure:2875: result: yes
configure:2882: checking whether we are cross compiling
configure:2884: result: no
configure:2887: checking for suffix of executables
configure:2894: cc -o conftest    conftest.c  >&5
configure:2898: $? = 0
configure:2924: result: 
configure:2930: checking for suffix of object files
configure:2956: cc -c   conftest.c >&5
configure:2960: $? = 0
configure:2985: result: o
configure:2989: checking whether we are using the GNU C compiler
configure:3018: cc -c   conftest.c >&5
configure:3025: $? = 0
configure:3042: result: yes
configure:3051: checking whether cc accepts -g
configure:3081: cc -c -g  conftest.c >&5
configure:3088: $? = 0
configure:3189: result: yes
configure:3206: checking for cc option to accept ISO C89
configure:3280: cc  -c -g -O2  conftest.c >&5
configure:3287: $? = 0
configure:3310: result: none needed
configure:3334: checking how to run the C preprocessor
configure:3374: cc -E  conftest.c
configure:3381: $? = 0
configure:3412: cc -E  conftest.c
conftest.c:8:28: error: ac_nonexistent.h: No such file or directory
configure:3419: $? = 1
configure: failed program was:
| /* confdefs.h.  */
| #define PACKAGE_NAME ""
| #define PACKAGE_TARNAME ""
| #define PACKAGE_VERSION ""
| #define PACKAGE_STRING ""
| #define PACKAGE_BUGREPORT ""
| /* end confdefs.h.  */
| #include <ac_nonexistent.h>
configure:3452: result: cc -E
configure:3481: cc -E  conftest.c
configure:3488: $? = 0
configure:3519: cc -E  conftest.c
conftest.c:8:28: error: ac_nonexistent.h: No such file or directory
configure:3526: $? = 1
configure: failed program was:
| /* confdefs.h.  */
| #define PACKAGE_NAME ""
| #define PACKAGE_TARNAME ""
| #define PACKAGE_VERSION ""
| #define PACKAGE_STRING ""
| #define PACKAGE_BUGREPORT ""
| /* end confdefs.h.  */
| #include <ac_nonexistent.h>
configure:3568: checking for icc
configure:3581: result: no
configure:3595: checking for suncc
configure:3608: result: no
configure:3626: checking whether cc understands -c and -o together
configure:3658: cc -c conftest.c -o conftest2.o >&5
configure:3662: $? = 0
configure:3668: cc -c conftest.c -o conftest2.o >&5
configure:3672: $? = 0
configure:3727: result: yes
configure:3743: checking for system library directory
configure:3758: result: lib
configure:3765: checking if compiler supports -R
configure:3794: cc -o conftest -g -O2   conftest.c -R /usr/lib  >&5
cc: unrecognized option '-R'
/usr/lib: file not recognized: Is a directory
collect2: ld returned 1 exit status
configure:3801: $? = 1
configure: failed program was:
| /* confdefs.h.  */
| #define PACKAGE_NAME ""
| #define PACKAGE_TARNAME ""
| #define PACKAGE_VERSION ""
| #define PACKAGE_STRING ""
| #define PACKAGE_BUGREPORT ""
| /* end confdefs.h.  */
| 
| int
| main ()
| {
| 
|   ;
|   return 0;
| }
configure:3823: result: no
configure:3828: checking if compiler supports -Wl,-rpath,
configure:3857: cc -o conftest -g -O2   conftest.c -Wl,-rpath,/usr/lib  >&5
configure:3864: $? = 0
configure:3886: result: yes
configure:3935: checking build system type
configure:3953: result: x86_64-unknown-linux-gnu
configure:3975: checking host system type
configure:3990: result: x86_64-unknown-linux-gnu
configure:4012: checking target system type
configure:4027: result: x86_64-unknown-linux-gnu
configure:4136: checking for PHP prefix
configure:4138: result: /usr/local
configure:4140: checking for PHP includes
configure:4142: result: -I/usr/local/include/php -I/usr/local/include/php/main -I/usr/local/include/php/TSRM -I/usr/local/include/php/Zend -I/usr/local/include/php/ext -I/usr/local/include/php/ext/date/lib
configure:4144: checking for PHP extension directory
configure:4146: result: /usr/local/lib/php/extensions/no-debug-non-zts-20090626
configure:4148: checking for PHP installed headers prefix
configure:4150: result: /usr/local/include/php
configure:4153: checking if debug is enabled
configure:4183: result: no
configure:4186: checking if zts is enabled
configure:4216: result: no
configure:4290: checking for re2c
configure:4320: result: no
configure:4345: WARNING: You will need re2c 0.13.4 or later if you want to regenerate PHP parsers.
configure:4359: checking for gawk
configure:4376: found /bin/gawk
configure:4387: result: gawk
configure:4439: checking whether to enable test_ext support
configure:4478: result: yes, shared
configure:4878: checking for ld used by cc
configure:4945: result: /usr/bin/ld
configure:4954: checking if the linker (/usr/bin/ld) is GNU ld
configure:4969: result: yes
configure:4974: checking for /usr/bin/ld option to reload object files
configure:4981: result: -r
configure:4999: checking for BSD-compatible nm
configure:5048: result: /usr/bin/nm -B
configure:5052: checking whether ln -s works
configure:5056: result: yes
configure:5063: checking how to recognize dependent libraries
configure:5249: result: pass_all
configure:5334: cc -c -g -O2  conftest.c >&5
configure:5337: $? = 0
configure:5490: checking for ANSI C header files
configure:5520: cc -c -g -O2  conftest.c >&5
configure:5527: $? = 0
configure:5626: cc -o conftest -g -O2   conftest.c  >&5
configure:5630: $? = 0
configure:5636: ./conftest
configure:5640: $? = 0
configure:5658: result: yes
configure:5682: checking for sys/types.h
configure:5703: cc -c -g -O2  conftest.c >&5
configure:5710: $? = 0
configure:5727: result: yes
configure:5682: checking for sys/stat.h
configure:5703: cc -c -g -O2  conftest.c >&5
configure:5710: $? = 0
configure:5727: result: yes
configure:5682: checking for stdlib.h
configure:5703: cc -c -g -O2  conftest.c >&5
configure:5710: $? = 0
configure:5727: result: yes
configure:5682: checking for string.h
configure:5703: cc -c -g -O2  conftest.c >&5
configure:5710: $? = 0
configure:5727: result: yes
configure:5682: checking for memory.h
configure:5703: cc -c -g -O2  conftest.c >&5
configure:5710: $? = 0
configure:5727: result: yes
configure:5682: checking for strings.h
configure:5703: cc -c -g -O2  conftest.c >&5
configure:5710: $? = 0
configure:5727: result: yes
configure:5682: checking for inttypes.h
configure:5703: cc -c -g -O2  conftest.c >&5
configure:5710: $? = 0
configure:5727: result: yes
configure:5682: checking for stdint.h
configure:5703: cc -c -g -O2  conftest.c >&5
configure:5710: $? = 0
configure:5727: result: yes
configure:5682: checking for unistd.h
configure:5703: cc -c -g -O2  conftest.c >&5
configure:5710: $? = 0
configure:5727: result: yes
configure:5757: checking dlfcn.h usability
configure:5774: cc -c -g -O2  conftest.c >&5
configure:5781: $? = 0
configure:5795: result: yes
configure:5799: checking dlfcn.h presence
configure:5814: cc -E  conftest.c
configure:5821: $? = 0
configure:5835: result: yes
configure:5863: checking for dlfcn.h
configure:5872: result: yes
configure:5899: checking the maximum length of command line arguments
configure:6011: result: 1572864
configure:6023: checking command to parse /usr/bin/nm -B output from cc object
configure:6128: cc -c -g -O2  conftest.c >&5
configure:6131: $? = 0
configure:6135: /usr/bin/nm -B conftest.o \| sed -n -e 's/^.*[ 	]\([ABCDGIRSTW][ABCDGIRSTW]*\)[ 	][ 	]*\([_A-Za-z][_A-Za-z0-9]*\)$/\1 \2 \2/p' \> conftest.nm
configure:6138: $? = 0
configure:6190: cc -o conftest -g -O2   conftest.c conftstm.o >&5
configure:6193: $? = 0
configure:6231: result: ok
configure:6235: checking for objdir
configure:6250: result: .libs
configure:6342: checking for ar
configure:6358: found /usr/bin/ar
configure:6369: result: ar
configure:6434: checking for ranlib
configure:6450: found /usr/bin/ranlib
configure:6461: result: ranlib
configure:6526: checking for strip
configure:6542: found /usr/bin/strip
configure:6553: result: strip
configure:7122: checking if cc supports -fno-rtti -fno-exceptions
configure:7140: cc -c -g -O2  -fno-rtti -fno-exceptions conftest.c >&5
cc1: warning: command line option "-fno-rtti" is valid for C++/ObjC++ but not for C
configure:7144: $? = 0
configure:7157: result: no
configure:7172: checking for cc option to produce PIC
configure:7412: result: -fPIC
configure:7420: checking if cc PIC flag -fPIC works
configure:7438: cc -c -g -O2  -fPIC -DPIC conftest.c >&5
configure:7442: $? = 0
configure:7455: result: yes
configure:7483: checking if cc static flag -static works
configure:7511: result: no
configure:7521: checking if cc supports -c -o file.o
configure:7542: cc -c -g -O2  -o out/conftest2.o conftest.c >&5
configure:7546: $? = 0
configure:7568: result: yes
configure:7594: checking whether the cc linker (/usr/bin/ld -m elf_x86_64) supports shared libraries
configure:8526: result: yes
configure:8547: checking whether -lc should be explicitly linked in
configure:8552: cc -c -g -O2  conftest.c >&5
configure:8555: $? = 0
configure:8570: cc -shared conftest.o  -v -Wl,-soname -Wl,conftest -o conftest 2\>\&1 \| grep  -lc  \>/dev/null 2\>\&1
configure:8573: $? = 0
configure:8585: result: no
configure:8593: checking dynamic linker characteristics
configure:9195: result: GNU/Linux ld.so
configure:9219: checking how to hardcode library paths into programs
configure:9244: result: immediate
configure:9258: checking whether stripping libraries is possible
configure:9263: result: yes
configure:10093: checking if libtool supports shared libraries
configure:10095: result: yes
configure:10098: checking whether to build shared libraries
configure:10119: result: yes
configure:10122: checking whether to build static libraries
configure:10126: result: no
configure:10221: result:
creating libtool
configure:13922: creating ./config.status

## ---------------------- ##
## Running config.status. ##
## ---------------------- ##

This file was extended by config.status, which was
generated by GNU Autoconf 2.63.  Invocation command line was

  CONFIG_FILES    = 
  CONFIG_HEADERS  = 
  CONFIG_LINKS    = 
  CONFIG_COMMANDS = 
  $ ./config.status 

on ip-10-156-90-144

config.status:606: creating config.h

## ---------------- ##
## Cache variables. ##
## ---------------- ##

ac_cv_build=x86_64-unknown-linux-gnu
ac_cv_c_compiler_gnu=yes
ac_cv_env_CC_set=
ac_cv_env_CC_value=
ac_cv_env_CFLAGS_set=
ac_cv_env_CFLAGS_value=
ac_cv_env_CPPFLAGS_set=
ac_cv_env_CPPFLAGS_value=
ac_cv_env_CPP_set=
ac_cv_env_CPP_value=
ac_cv_env_LDFLAGS_set=
ac_cv_env_LDFLAGS_value=
ac_cv_env_LIBS_set=
ac_cv_env_LIBS_value=
ac_cv_env_build_alias_set=
ac_cv_env_build_alias_value=
ac_cv_env_host_alias_set=
ac_cv_env_host_alias_value=
ac_cv_env_target_alias_set=
ac_cv_env_target_alias_value=
ac_cv_header_dlfcn_h=yes
ac_cv_header_inttypes_h=yes
ac_cv_header_memory_h=yes
ac_cv_header_stdc=yes
ac_cv_header_stdint_h=yes
ac_cv_header_stdlib_h=yes
ac_cv_header_string_h=yes
ac_cv_header_strings_h=yes
ac_cv_header_sys_stat_h=yes
ac_cv_header_sys_types_h=yes
ac_cv_header_unistd_h=yes
ac_cv_host=x86_64-unknown-linux-gnu
ac_cv_objext=o
ac_cv_path_EGREP='/bin/grep -E'
ac_cv_path_GREP=/bin/grep
ac_cv_prog_AWK=gawk
ac_cv_prog_CPP='cc -E'
ac_cv_prog_ac_ct_AR=ar
ac_cv_prog_ac_ct_CC=cc
ac_cv_prog_ac_ct_RANLIB=ranlib
ac_cv_prog_ac_ct_STRIP=strip
ac_cv_prog_cc_c89=
ac_cv_prog_cc_cc_c_o=yes
ac_cv_prog_cc_g=yes
ac_cv_target=x86_64-unknown-linux-gnu
lt_cv_deplibs_check_method=pass_all
lt_cv_file_magic_cmd='$MAGIC_CMD'
lt_cv_file_magic_test_file=
lt_cv_ld_reload_flag=-r
lt_cv_objdir=.libs
lt_cv_path_LD=/usr/bin/ld
lt_cv_path_NM='/usr/bin/nm -B'
lt_cv_path_SED=/bin/sed
lt_cv_prog_compiler_c_o=yes
lt_cv_prog_compiler_pic_works=yes
lt_cv_prog_compiler_rtti_exceptions=no
lt_cv_prog_compiler_static_works=no
lt_cv_prog_gnu_ld=yes
lt_cv_sys_global_symbol_pipe='sed -n -e '\''s/^.*[ 	]\([ABCDGIRSTW][ABCDGIRSTW]*\)[ 	][ 	]*\([_A-Za-z][_A-Za-z0-9]*\)$/\1 \2 \2/p'\'''
lt_cv_sys_global_symbol_to_c_name_address='sed -n -e '\''s/^: \([^ ]*\) $/  {\"\1\", (lt_ptr) 0},/p'\'' -e '\''s/^[BCDEGRST] \([^ ]*\) \([^ ]*\)$/  {"\2", (lt_ptr) \&\2},/p'\'''
lt_cv_sys_global_symbol_to_cdecl='sed -n -e '\''s/^. .* \(.*\)$/extern int \1;/p'\'''
lt_cv_sys_lib_dlsearch_path_spec='/lib /usr/lib '
lt_cv_sys_lib_search_path_spec='/usr/lib/gcc/x86_64-amazon-linux/4.4.5 /usr/lib64 /lib64'
lt_cv_sys_max_cmd_len=1572864
lt_lt_cv_prog_compiler_c_o='"yes"'
lt_lt_cv_sys_global_symbol_pipe='"sed -n -e '\''s/^.*[ 	]\\([ABCDGIRSTW][ABCDGIRSTW]*\\)[ 	][ 	]*\\([_A-Za-z][_A-Za-z0-9]*\\)\$/\\1 \\2 \\2/p'\''"'
lt_lt_cv_sys_global_symbol_to_c_name_address='"sed -n -e '\''s/^: \\([^ ]*\\) \$/  {\\\"\\1\\\", (lt_ptr) 0},/p'\'' -e '\''s/^[BCDEGRST] \\([^ ]*\\) \\([^ ]*\\)\$/  {\"\\2\", (lt_ptr) \\&\\2},/p'\''"'
lt_lt_cv_sys_global_symbol_to_cdecl='"sed -n -e '\''s/^. .* \\(.*\\)\$/extern int \\1;/p'\''"'
php_cv_cc_dashr=no
php_cv_cc_rpath=yes

## ----------------- ##
## Output variables. ##
## ----------------- ##

AR='ar'
AWK='gawk'
CC='cc'
CFLAGS='-g -O2'
CONFIGURE_COMMAND=' '\''./configure'\''  '\''--with-php-config=/usr/local/bin/php-config'\'''
CONFIGURE_OPTIONS=' '\''--with-php-config=/usr/local/bin/php-config'\'''
CPP='cc -E'
CPPFLAGS=' -DHAVE_CONFIG_H'
DEFS='-DHAVE_CONFIG_H'
DSYMUTIL=''
ECHO='echo'
ECHO_C=''
ECHO_N='-n'
ECHO_T=''
EGREP='/bin/grep -E'
EXEEXT=''
GREP='/bin/grep'
LDFLAGS=''
LIBOBJS=''
LIBS=''
LIBTOOL='$(SHELL) $(top_builddir)/libtool'
LN_S='ln -s'
LTLIBOBJS=''
NMEDIT=''
OBJEXT='o'
PACKAGE_BUGREPORT=''
PACKAGE_NAME=''
PACKAGE_STRING=''
PACKAGE_TARNAME=''
PACKAGE_VERSION=''
PATH_SEPARATOR=':'
RANLIB='ranlib'
RE2C='exit 0;'
SED='/bin/sed'
SHELL='/bin/sh'
SHLIB_DL_SUFFIX_NAME='so'
SHLIB_SUFFIX_NAME='so'
STRIP='strip'
ac_ct_CC='cc'
bindir='${exec_prefix}/bin'
build='x86_64-unknown-linux-gnu'
build_alias=''
build_cpu='x86_64'
build_os='linux-gnu'
build_vendor='unknown'
datadir='${datarootdir}'
datarootdir='${prefix}/share'
docdir='${datarootdir}/doc/${PACKAGE}'
dvidir='${docdir}'
exec_prefix='$(prefix)'
host='x86_64-unknown-linux-gnu'
host_alias='x86_64-unknown-linux-gnu'
host_cpu='x86_64'
host_os='linux-gnu'
host_vendor='unknown'
htmldir='${docdir}'
includedir='${prefix}/include'
infodir='${datarootdir}/info'
libdir='${exec_prefix}/lib'
libexecdir='${exec_prefix}/libexec'
localedir='${datarootdir}/locale'
localstatedir='${prefix}/var'
mandir='${datarootdir}/man'
oldincludedir='/usr/include'
pdfdir='${docdir}'
prefix='/usr/local'
program_transform_name='s,x,x,'
psdir='${docdir}'
sbindir='${exec_prefix}/sbin'
sharedstatedir='${prefix}/com'
sysconfdir='${prefix}/etc'
target='x86_64-unknown-linux-gnu'
target_alias=''
target_cpu='x86_64'
target_os='linux-gnu'
target_vendor='unknown'

## ----------- ##
## confdefs.h. ##
## ----------- ##

#define PACKAGE_NAME ""
#define PACKAGE_TARNAME ""
#define PACKAGE_VERSION ""
#define PACKAGE_STRING ""
#define PACKAGE_BUGREPORT ""
#define COMPILE_DL_TEST_EXT 1
#define STDC_HEADERS 1
#define HAVE_SYS_TYPES_H 1
#define HAVE_SYS_STAT_H 1
#define HAVE_STDLIB_H 1
#define HAVE_STRING_H 1
#define HAVE_MEMORY_H 1
#define HAVE_STRINGS_H 1
#define HAVE_INTTYPES_H 1
#define HAVE_STDINT_H 1
#define HAVE_UNISTD_H 1
#define HAVE_DLFCN_H 1

configure: exit 0
